[2024-08-06 23:05:27,021: INFO : main: Welcome to custom our log ]
[2024-08-09 11:16:56,571: INFO : main: >>>>>> stage Data Ingestion stage started <<<<<<<]
[2024-08-09 11:16:56,573: INFO : common: yaml file: config/config.yaml]
[2024-08-09 11:16:56,577: INFO : common: yaml file: params.yaml]
[2024-08-09 11:16:56,577: INFO : common: created directory at: artifacts]
[2024-08-09 11:16:56,578: INFO : common: created directory at: artifacts/data_ingestion]
[2024-08-09 11:16:56,578: INFO : data_ingestion: Downloading data from https://drive.google.com/file/d/1vlhZ5c7abUKF8xXERIw6m9Te8fW7ohw3/view?usp=sharing into file artifacts/data_ingestion/data.zip]
[2024-08-09 11:17:08,519: INFO : data_ingestion: Downloaded data from https://drive.google.com/file/d/1vlhZ5c7abUKF8xXERIw6m9Te8fW7ohw3/view?usp=sharing into file artifacts/data_ingestion/data.zip]
[2024-08-09 11:17:09,157: INFO : main: >>>> stage Data Ingestion stage completed <<<<< 

 x=============x]
[2024-08-09 14:10:33,394: INFO : main: >>>>>> stage Data Ingestion stage started <<<<<<<]
[2024-08-09 14:10:33,396: INFO : common: yaml file: config/config.yaml]
[2024-08-09 14:10:33,398: INFO : common: yaml file: params.yaml]
[2024-08-09 14:10:33,400: INFO : common: created directory at: artifacts]
[2024-08-09 14:10:33,400: INFO : common: created directory at: artifacts/data_ingestion]
[2024-08-09 14:10:33,400: INFO : data_ingestion: Downloading data from https://drive.google.com/file/d/1vlhZ5c7abUKF8xXERIw6m9Te8fW7ohw3/view?usp=sharing into file artifacts/data_ingestion/data.zip]
[2024-08-09 14:10:49,011: INFO : data_ingestion: Downloaded data from https://drive.google.com/file/d/1vlhZ5c7abUKF8xXERIw6m9Te8fW7ohw3/view?usp=sharing into file artifacts/data_ingestion/data.zip]
[2024-08-09 14:10:49,625: INFO : main: >>>> stage Data Ingestion stage completed <<<<< 

 x=============x]
[2024-08-09 14:10:49,625: INFO : main: *******************]
[2024-08-09 14:10:49,625: INFO : main: >>>>>> stage Prepare base model started <<<<<<]
[2024-08-09 14:10:49,630: INFO : common: yaml file: config/config.yaml]
[2024-08-09 14:10:49,633: INFO : common: yaml file: params.yaml]
[2024-08-09 14:10:49,634: INFO : common: created directory at: artifacts]
[2024-08-09 14:10:49,634: INFO : common: created directory at: artifacts/prepare_base_model]
[2024-08-09 14:10:56,236: WARNING : saving_utils: Compiled the loaded model, but the compiled metrics have yet to be built. `model.compile_metrics` will be empty until you train or evaluate the model.]
[2024-08-09 14:10:56,488: INFO : main: >>>>>> stage Prepare base model completed <<<<<<

x==========x]
[2024-08-09 16:20:58,491: INFO : main: >>>>>> stage Data Ingestion stage started <<<<<<<]
[2024-08-09 16:20:58,494: INFO : common: yaml file: config/config.yaml]
[2024-08-09 16:20:58,496: INFO : common: yaml file: params.yaml]
[2024-08-09 16:20:58,496: INFO : common: created directory at: artifacts]
[2024-08-09 16:20:58,497: INFO : common: created directory at: artifacts/data_ingestion]
[2024-08-09 16:20:58,497: INFO : data_ingestion: Downloading data from https://drive.google.com/file/d/1vlhZ5c7abUKF8xXERIw6m9Te8fW7ohw3/view?usp=sharing into file artifacts/data_ingestion/data.zip]
[2024-08-09 16:21:13,683: INFO : data_ingestion: Downloaded data from https://drive.google.com/file/d/1vlhZ5c7abUKF8xXERIw6m9Te8fW7ohw3/view?usp=sharing into file artifacts/data_ingestion/data.zip]
[2024-08-09 16:21:14,302: INFO : main: >>>> stage Data Ingestion stage completed <<<<< 

 x=============x]
[2024-08-09 16:21:14,302: INFO : main: *******************]
[2024-08-09 16:21:14,303: INFO : main: >>>>>> stage Prepare base model started <<<<<<]
[2024-08-09 16:21:14,306: INFO : common: yaml file: config/config.yaml]
[2024-08-09 16:21:14,307: INFO : common: yaml file: params.yaml]
[2024-08-09 16:21:14,308: INFO : common: created directory at: artifacts]
[2024-08-09 16:21:14,308: INFO : common: created directory at: artifacts/prepare_base_model]
[2024-08-09 16:21:14,829: WARNING : saving_utils: Compiled the loaded model, but the compiled metrics have yet to be built. `model.compile_metrics` will be empty until you train or evaluate the model.]
[2024-08-09 16:21:15,086: INFO : main: >>>>>> stage Prepare base model completed <<<<<<

x==========x]
[2024-08-09 16:21:15,086: INFO : main: *******************]
[2024-08-09 16:21:15,087: INFO : main: >>>>>> stage Training started <<<<<<]
[2024-08-09 16:21:15,087: ERROR : main: name 'ModelTrainingPipeline' is not defined]
Traceback (most recent call last):
  File "/Users/minionlabs/Desktop/MLflow/mlops/main.py", line 34, in <module>
    model_trainer = ModelTrainingPipeline()
NameError: name 'ModelTrainingPipeline' is not defined
[2024-08-09 16:23:15,568: INFO : main: >>>>>> stage Data Ingestion stage started <<<<<<<]
[2024-08-09 16:23:15,571: INFO : common: yaml file: config/config.yaml]
[2024-08-09 16:23:15,572: INFO : common: yaml file: params.yaml]
[2024-08-09 16:23:15,573: INFO : common: created directory at: artifacts]
[2024-08-09 16:23:15,573: INFO : common: created directory at: artifacts/data_ingestion]
[2024-08-09 16:23:15,573: INFO : data_ingestion: Downloading data from https://drive.google.com/file/d/1vlhZ5c7abUKF8xXERIw6m9Te8fW7ohw3/view?usp=sharing into file artifacts/data_ingestion/data.zip]
[2024-08-09 16:23:23,042: INFO : data_ingestion: Downloaded data from https://drive.google.com/file/d/1vlhZ5c7abUKF8xXERIw6m9Te8fW7ohw3/view?usp=sharing into file artifacts/data_ingestion/data.zip]
[2024-08-09 16:23:23,680: INFO : main: >>>> stage Data Ingestion stage completed <<<<< 

 x=============x]
[2024-08-09 16:23:23,680: INFO : main: *******************]
[2024-08-09 16:23:23,680: INFO : main: >>>>>> stage Prepare base model started <<<<<<]
[2024-08-09 16:23:23,683: INFO : common: yaml file: config/config.yaml]
[2024-08-09 16:23:23,685: INFO : common: yaml file: params.yaml]
[2024-08-09 16:23:23,685: INFO : common: created directory at: artifacts]
[2024-08-09 16:23:23,686: INFO : common: created directory at: artifacts/prepare_base_model]
[2024-08-09 16:23:24,221: WARNING : saving_utils: Compiled the loaded model, but the compiled metrics have yet to be built. `model.compile_metrics` will be empty until you train or evaluate the model.]
[2024-08-09 16:23:24,478: INFO : main: >>>>>> stage Prepare base model completed <<<<<<

x==========x]
[2024-08-09 16:23:24,478: INFO : main: *******************]
[2024-08-09 16:23:24,478: INFO : main: >>>>>> stage Training started <<<<<<]
[2024-08-09 16:23:24,481: INFO : common: yaml file: config/config.yaml]
[2024-08-09 16:23:24,483: INFO : common: yaml file: params.yaml]
[2024-08-09 16:23:24,483: INFO : common: created directory at: artifacts]
[2024-08-09 16:23:24,483: INFO : common: created directory at: artifacts/training]
[2024-08-09 16:24:07,069: INFO : main: >>>>>> stage Training completed <<<<<<

x==========x]
[2024-08-11 12:02:19,325: INFO : common: yaml file: config/config.yaml]
[2024-08-11 12:02:19,335: INFO : common: yaml file: params.yaml]
[2024-08-11 12:02:19,341: INFO : common: created directory at: artifacts]
[2024-08-11 12:03:52,634: INFO : common: yaml file: config/config.yaml]
[2024-08-11 12:03:52,639: INFO : common: yaml file: params.yaml]
[2024-08-11 12:03:52,641: INFO : common: created directory at: artifacts]
[2024-08-11 12:04:07,279: INFO : common: json file saved at: scores.json]
[2024-08-11 12:04:08,919: WARNING : save: Found untraced functions such as _jit_compiled_convolution_op, _jit_compiled_convolution_op, _jit_compiled_convolution_op, _jit_compiled_convolution_op, _jit_compiled_convolution_op while saving (showing 5 of 14). These functions will not be directly callable after loading.]
[2024-08-11 12:04:09,628: INFO : builder_impl: Assets written to: /var/folders/zv/lbdhyn_96ml2h8p43ky73xhr0000gn/T/tmpgv7cdd6t/model/data/model/assets]
[2024-08-11 12:04:21,831: INFO : dir_util: creating /Users/minionlabs/Desktop/MLflow/mlops/mlruns/0/5983bccd716041a09e344048a2235a05/artifacts/model/data]
[2024-08-11 12:04:21,834: INFO : dir_util: creating /Users/minionlabs/Desktop/MLflow/mlops/mlruns/0/5983bccd716041a09e344048a2235a05/artifacts/model/data/model]
[2024-08-11 12:04:21,837: INFO : dir_util: creating /Users/minionlabs/Desktop/MLflow/mlops/mlruns/0/5983bccd716041a09e344048a2235a05/artifacts/model/data/model/variables]
[2024-08-11 12:04:21,941: INFO : dir_util: creating /Users/minionlabs/Desktop/MLflow/mlops/mlruns/0/5983bccd716041a09e344048a2235a05/artifacts/model/data/model/assets]
[2024-08-12 16:22:37,244: INFO : common: yaml file: config/config.yaml]
[2024-08-12 16:22:37,249: INFO : common: yaml file: params.yaml]
[2024-08-12 16:22:37,251: INFO : common: created directory at: artifacts]
[2024-08-12 16:22:51,303: INFO : common: json file saved at: scores.json]
[2024-08-12 16:22:58,746: WARNING : save: Found untraced functions such as _jit_compiled_convolution_op, _jit_compiled_convolution_op, _jit_compiled_convolution_op, _jit_compiled_convolution_op, _jit_compiled_convolution_op while saving (showing 5 of 14). These functions will not be directly callable after loading.]
[2024-08-12 16:22:59,568: INFO : builder_impl: Assets written to: /var/folders/zv/lbdhyn_96ml2h8p43ky73xhr0000gn/T/tmpirv9qn3z/model/data/model/assets]
[2024-08-12 17:30:56,953: INFO : common: yaml file: config/config.yaml]
[2024-08-12 17:30:56,957: INFO : common: yaml file: params.yaml]
[2024-08-12 17:30:56,958: INFO : common: created directory at: artifacts]
[2024-08-12 17:31:10,887: INFO : common: json file saved at: scores.json]
[2024-08-12 17:31:14,374: WARNING : save: Found untraced functions such as _jit_compiled_convolution_op, _jit_compiled_convolution_op, _jit_compiled_convolution_op, _jit_compiled_convolution_op, _jit_compiled_convolution_op while saving (showing 5 of 14). These functions will not be directly callable after loading.]
[2024-08-12 17:31:15,037: INFO : builder_impl: Assets written to: /var/folders/zv/lbdhyn_96ml2h8p43ky73xhr0000gn/T/tmphp4ywf57/model/data/model/assets]
[2024-08-12 17:34:53,212: INFO : common: yaml file: config/config.yaml]
[2024-08-12 17:34:53,216: INFO : common: yaml file: params.yaml]
[2024-08-12 17:34:53,218: INFO : common: created directory at: artifacts]
[2024-08-12 17:35:07,368: INFO : common: json file saved at: scores.json]
[2024-08-12 17:35:10,401: WARNING : save: Found untraced functions such as _jit_compiled_convolution_op, _jit_compiled_convolution_op, _jit_compiled_convolution_op, _jit_compiled_convolution_op, _jit_compiled_convolution_op while saving (showing 5 of 14). These functions will not be directly callable after loading.]
[2024-08-12 17:35:11,068: INFO : builder_impl: Assets written to: /var/folders/zv/lbdhyn_96ml2h8p43ky73xhr0000gn/T/tmp7r0qs5j4/model/data/model/assets]
